<?xml version="1.0" encoding="UTF-8" ?>
<testsuite tests="24" failures="0" name="com.val.converter.ExponentOfThousandTest" time="0.024" errors="0" skipped="0">
  <properties>
[...]
</properties>
  <testcase classname="com.val.converter.ExponentOfThousandTest" name="asWords_numberUnderOneThousand_returnsNumberInWordRepresentation_1" time="0.004"/>
  <testcase classname="com.val.converter.ExponentOfThousandTest" name="asWords_numberUnderOneThousand_returnsNumberInWordRepresentation_2" time="0"/>
  <testcase classname="com.val.converter.ExponentOfThousandTest" name="asWords_numberUnderOneThousand_returnsNumberInWordRepresentation_3" time="0"/>
  <testcase classname="com.val.converter.ExponentOfThousandTest" name="asWords_argumentIsNegative_throwsException" time="0"/>
  <testcase classname="com.val.converter.ExponentOfThousandTest" name="asWords_bigRandomNumber_returnsNumberInWordRepresentation_1" time="0.007"/>
  <testcase classname="com.val.converter.ExponentOfThousandTest" name="asWords_bigRandomNumber_returnsNumberInWordRepresentation_2" time="0.002"/>
  <testcase classname="com.val.converter.ExponentOfThousandTest" name="asWords_numberBetweenOneThousandAndOneMillion_returnsNumberInWordsWithCorrectEndings_1" time="0"/>
  <testcase classname="com.val.converter.ExponentOfThousandTest" name="asWords_numberBetweenOneThousandAndOneMillion_returnsNumberInWordsWithCorrectEndings_2" time="0"/>
  <testcase classname="com.val.converter.ExponentOfThousandTest" name="asWords_numberBetweenOneThousandAndOneMillion_returnsNumberInWordsWithCorrectEndings_3" time="0"/>
  <testcase classname="com.val.converter.ExponentOfThousandTest" name="asWords_numberBetweenOneThousandAndOneMillion_returnsNumberInWordsWithCorrectEndings_4" time="0"/>
  <testcase classname="com.val.converter.ExponentOfThousandTest" name="asWords_numberBetweenOneThousandAndOneMillion_returnsNumberInWordsWithCorrectEndings_5" time="0.001"/>
  <testcase classname="com.val.converter.ExponentOfThousandTest" name="asWords_numberBetweenOneThousandAndOneMillion_returnsNumberInWordsWithCorrectEndings_6" time="0.001"/>
  <testcase classname="com.val.converter.ExponentOfThousandTest" name="asWords_numberBetweenOneThousandAndOneMillion_returnsNumberInWordsWithCorrectEndings_7" time="0.001"/>
  <testcase classname="com.val.converter.ExponentOfThousandTest" name="asWords_numberBetweenOneThousandAndOneMillion_returnsNumberInWordsWithCorrectEndings_8" time="0"/>
  <testcase classname="com.val.converter.ExponentOfThousandTest" name="asWords_numberBetweenOneThousandAndOneMillion_returnsNumberInWordsWithCorrectEndings_9" time="0"/>
  <testcase classname="com.val.converter.ExponentOfThousandTest" name="asWords_numberBetweenMillionAndBillion_returnsNumberInWordsWithCorrectEndings_1" time="0.001"/>
  <testcase classname="com.val.converter.ExponentOfThousandTest" name="asWords_numberBetweenMillionAndBillion_returnsNumberInWordsWithCorrectEndings_2" time="0.001"/>
  <testcase classname="com.val.converter.ExponentOfThousandTest" name="asWords_numberBetweenMillionAndBillion_returnsNumberInWordsWithCorrectEndings_3" time="0.001"/>
  <testcase classname="com.val.converter.ExponentOfThousandTest" name="asWords_numberBetweenMillionAndBillion_returnsNumberInWordsWithCorrectEndings_4" time="0.001"/>
  <testcase classname="com.val.converter.ExponentOfThousandTest" name="asWords_numberBetweenMillionAndBillion_returnsNumberInWordsWithCorrectEndings_5" time="0.001"/>
  <testcase classname="com.val.converter.ExponentOfThousandTest" name="asWords_numberBetweenMillionAndBillion_returnsNumberInWordsWithCorrectEndings_6" time="0.001"/>
  <testcase classname="com.val.converter.ExponentOfThousandTest" name="asWords_numberBetweenMillionAndBillion_returnsNumberInWordsWithCorrectEndings_7" time="0.001"/>
  <testcase classname="com.val.converter.ExponentOfThousandTest" name="asWords_numberBetweenMillionAndBillion_returnsNumberInWordsWithCorrectEndings_8" time="0.001"/>
  <testcase classname="com.val.converter.ExponentOfThousandTest" name="asWords_argumentIsOk_noException" time="0"/>
</testsuite>