<?xml version="1.0" encoding="UTF-8"?>
<testsuite xmlns:xsi="http://www.w3.org/2001/XMLSchema-instance" xsi:noNamespaceSchemaLocation="https://maven.apache.org/surefire/maven-surefire-plugin/xsd/surefire-test-report.xsd" name="com.val.converter.ExponentOfThousandTest" time="0.245" tests="24" errors="0" skipped="0" failures="0">
  <properties>
[...]
</properties>
  <testcase name="asWords_numberUnderOneThousand_returnsNumberInWordRepresentation_1" classname="com.val.converter.ExponentOfThousandTest" time="0.001"/>
  <testcase name="asWords_numberUnderOneThousand_returnsNumberInWordRepresentation_2" classname="com.val.converter.ExponentOfThousandTest" time="0"/>
  <testcase name="asWords_numberUnderOneThousand_returnsNumberInWordRepresentation_3" classname="com.val.converter.ExponentOfThousandTest" time="0"/>
  <testcase name="asWords_argumentIsNegative_throwsException" classname="com.val.converter.ExponentOfThousandTest" time="0"/>
  <testcase name="asWords_bigRandomNumber_returnsNumberInWordRepresentation_1" classname="com.val.converter.ExponentOfThousandTest" time="0.078"/>
  <testcase name="asWords_bigRandomNumber_returnsNumberInWordRepresentation_2" classname="com.val.converter.ExponentOfThousandTest" time="0.001"/>
  <testcase name="asWords_numberBetweenOneThousandAndOneMillion_returnsNumberInWordsWithCorrectEndings_1" classname="com.val.converter.ExponentOfThousandTest" time="0"/>
  <testcase name="asWords_numberBetweenOneThousandAndOneMillion_returnsNumberInWordsWithCorrectEndings_2" classname="com.val.converter.ExponentOfThousandTest" time="0"/>
  <testcase name="asWords_numberBetweenOneThousandAndOneMillion_returnsNumberInWordsWithCorrectEndings_3" classname="com.val.converter.ExponentOfThousandTest" time="0"/>
  <testcase name="asWords_numberBetweenOneThousandAndOneMillion_returnsNumberInWordsWithCorrectEndings_4" classname="com.val.converter.ExponentOfThousandTest" time="0.001"/>
  <testcase name="asWords_numberBetweenOneThousandAndOneMillion_returnsNumberInWordsWithCorrectEndings_5" classname="com.val.converter.ExponentOfThousandTest" time="0.001"/>
  <testcase name="asWords_numberBetweenOneThousandAndOneMillion_returnsNumberInWordsWithCorrectEndings_6" classname="com.val.converter.ExponentOfThousandTest" time="0"/>
  <testcase name="asWords_numberBetweenOneThousandAndOneMillion_returnsNumberInWordsWithCorrectEndings_7" classname="com.val.converter.ExponentOfThousandTest" time="0.001"/>
  <testcase name="asWords_numberBetweenOneThousandAndOneMillion_returnsNumberInWordsWithCorrectEndings_8" classname="com.val.converter.ExponentOfThousandTest" time="0.001"/>
  <testcase name="asWords_numberBetweenOneThousandAndOneMillion_returnsNumberInWordsWithCorrectEndings_9" classname="com.val.converter.ExponentOfThousandTest" time="0.002"/>
  <testcase name="asWords_numberBetweenMillionAndBillion_returnsNumberInWordsWithCorrectEndings_1" classname="com.val.converter.ExponentOfThousandTest" time="0.001"/>
  <testcase name="asWords_numberBetweenMillionAndBillion_returnsNumberInWordsWithCorrectEndings_2" classname="com.val.converter.ExponentOfThousandTest" time="0.001"/>
  <testcase name="asWords_numberBetweenMillionAndBillion_returnsNumberInWordsWithCorrectEndings_3" classname="com.val.converter.ExponentOfThousandTest" time="0.001"/>
  <testcase name="asWords_numberBetweenMillionAndBillion_returnsNumberInWordsWithCorrectEndings_4" classname="com.val.converter.ExponentOfThousandTest" time="0.001"/>
  <testcase name="asWords_numberBetweenMillionAndBillion_returnsNumberInWordsWithCorrectEndings_5" classname="com.val.converter.ExponentOfThousandTest" time="0.001"/>
  <testcase name="asWords_numberBetweenMillionAndBillion_returnsNumberInWordsWithCorrectEndings_6" classname="com.val.converter.ExponentOfThousandTest" time="0.001"/>
  <testcase name="asWords_numberBetweenMillionAndBillion_returnsNumberInWordsWithCorrectEndings_7" classname="com.val.converter.ExponentOfThousandTest" time="0.001"/>
  <testcase name="asWords_numberBetweenMillionAndBillion_returnsNumberInWordsWithCorrectEndings_8" classname="com.val.converter.ExponentOfThousandTest" time="0"/>
  <testcase name="asWords_argumentIsOk_noException" classname="com.val.converter.ExponentOfThousandTest" time="0"/>
</testsuite>